<?xml version="1.0" encoding="UTF-8"?>
<testng-results ignored="0" total="1" passed="1" failed="0" skipped="0">
  <reporter-output>
  </reporter-output>
  <suite started-at="2024-11-29T12:24:03 IST" name="Default suite" finished-at="2024-11-29T12:27:04 IST" duration-ms="181263">
    <groups>
    </groups>
    <test started-at="2024-11-29T12:24:03 IST" name="Default test" finished-at="2024-11-29T12:27:04 IST" duration-ms="181263">
      <class name="com.test.Customer.AllScenarios_Cust_CustSearch">
        <test-method is-config="true" signature="reference()[pri:0, instance:com.test.Customer.AllScenarios_Cust_CustSearch@68d6972f]" started-at="2024-11-29T12:24:03 IST" name="reference" finished-at="2024-11-29T12:24:03 IST" duration-ms="21" status="PASS">
          <reporter-output>
          </reporter-output>
        </test-method> <!-- reference -->
        <test-method signature="customerSearch(java.util.Map,org.testng.ITestContext)[pri:0, instance:com.test.Customer.AllScenarios_Cust_CustSearch@68d6972f]" started-at="2024-11-29T12:24:03 IST" name="customerSearch" data-provider="TestData" finished-at="2024-11-29T12:27:04 IST" duration-ms="180549" status="PASS">
          <params>
            <param index="0">
              <value>
                <![CDATA[{=, invalidAadhaar=98765432, invalidMobileNum1=888999000, invalidMobileNum2=99900088801, loginInValidPassword=fghh, loginUserName=akash, loginValidPassword=aka@123, nameAlphanumeric=ABCD12345, nameNumeric=1234567890, pcRegFormName=qwerty, pcRegFormPcName=zxcvb, Run=Yes, TestScenario=TC_CustomerSearchModule, validMobileNum=9846968244, validName=MANU}]]>
              </value>
            </param>
            <param index="1">
              <value>
                <![CDATA[org.testng.TestRunner@289fdb08]]>
              </value>
            </param>
          </params>
          <reporter-output>
          </reporter-output>
        </test-method> <!-- customerSearch -->
      </class> <!-- com.test.Customer.AllScenarios_Cust_CustSearch -->
    </test> <!-- Default test -->
  </suite> <!-- Default suite -->
</testng-results>
