<?xml version="1.0" encoding="UTF-8"?>
<testng-results ignored="0" total="1" passed="1" failed="0" skipped="0">
  <reporter-output>
  </reporter-output>
  <suite started-at="2025-01-22T10:00:44 IST" name="Default suite" finished-at="2025-01-22T10:06:11 IST" duration-ms="327023">
    <groups>
    </groups>
    <test started-at="2025-01-22T10:00:44 IST" name="Default test" finished-at="2025-01-22T10:06:11 IST" duration-ms="327023">
      <class name="com.test.Customer.AllScenarios_Cust_InstitutionalCust">
        <test-method is-config="true" signature="reference()[pri:0, instance:com.test.Customer.AllScenarios_Cust_InstitutionalCust@42f3156d]" started-at="2025-01-22T10:00:44 IST" name="reference" finished-at="2025-01-22T10:00:44 IST" duration-ms="33" status="PASS">
          <reporter-output>
          </reporter-output>
        </test-method> <!-- reference -->
        <test-method signature="institutionalCustomer(java.util.Map,org.testng.ITestContext)[pri:0, instance:com.test.Customer.AllScenarios_Cust_InstitutionalCust@42f3156d]" started-at="2025-01-22T10:00:45 IST" name="institutionalCustomer" data-provider="TestData" finished-at="2025-01-22T10:06:11 IST" duration-ms="325971" status="PASS">
          <params>
            <param index="0">
              <value>
                <![CDATA[{actSplIns=hshd73778((, Address=dhdh637, balance=, balanceAsOn=01/01/2025, bank_stateDate=01/01/2025, bankAccNo=123456789123456, bankWard=63636, boardResolution=87yu^%, building=13R, buildingNo=14R, childWindow_custID=103000012468, cinNo=agj67%$, city=4226GHijs, creditCardNo=242573, cst=34er&*, custName=Kite, DateOfIncOp=10/10/25, demataccNo=dd637, designationInOwnerDetails=Contractor, Details=gsgsjksk337, DoorNo=15G, dpid=3637, DPIITNumber=ad%^88, dry=13, electricPostNo=gsh6788, Email=g@gmail.com, emailID=g@gmail.com, ExternalCreditRating=jh87^%, faxNo=19075551234, firstName=Eole, gstNo=22AAAAA0000A1Z5, identityNo=afg516, invalid_issueDate=01/34/2025, issueDate=10/10/2299, issuedAuthority=hsh627, KSUM_Number=a**00a, loginUserName=gopinath, loginValidPassword=Gopi@7hills, Mobile=7899996542, MobileNo=7899996742, msmeRegistNo=ssh636^*, name=Naveen, nameInOwnerDetails=Jacker, operatorName=Bg56%^, ownserDetails_custId=103000012745, pan=DAAPA1234E, panchayathWard=36637, pcRegFormName=qwerty, pcRegFormPcName=zxcvb, phoneNo=7899996527, pin=678655, pinNo=357892, place=16TY, Reason=ggjkd779, RegdTo=REGISTRAR OFFICE, regiona;_buildingNo=gsg67, regional_building=gsg636, regional_city=bsjsjs67, regional_DoorNo=fg67, regional_phoneNo=8977667786, regional_pinNo=766577, regional_place=hsggsg77, regional_residence=nsjsjs67, regional_street=nssjsj778, RegNo=as43%^, RegPalce=yy&87*, remarks=gsg667, residence=tw79, resurveyNo=14, RetypeAccNo=123456789123456, risk_remarks=te6^&, Run=Yes, ShareHoldingByEntity=1567, ShareHoldingByIndividuals=6378, street=gdghdj36378, surveyNo=13, tanNo=ABCD12345A, TestScenario=TC_InstitutionalCustomer Module, tin=ii((56, ValidUpTo=30/09/2301, ward=3636, wet=12}]]>
              </value>
            </param>
            <param index="1">
              <value>
                <![CDATA[org.testng.TestRunner@6e0cff20]]>
              </value>
            </param>
          </params>
          <reporter-output>
          </reporter-output>
        </test-method> <!-- institutionalCustomer -->
      </class> <!-- com.test.Customer.AllScenarios_Cust_InstitutionalCust -->
    </test> <!-- Default test -->
  </suite> <!-- Default suite -->
</testng-results>
